ias78II.exe v2.0.100.101b - The macro assembler for EM78 series.
Copyright (C) ELAN Microelectronic Corp. 2003-2008. All rights reserved.
Main file : TM1650.s

File list:
   1 ----  C:\Users\daminger\Desktop\练习\MD-01程序资料\MD-01程序173N-SOP8\TM1650.s
   2 ----  D:\Program Files\ELAN\eUIDE\Bin\Include\sysdefii.inc


The format of a listing line is:
  XXXXXXm FFFF [TT]  11 22 33 44  [DD]  Source code
Where:
  XXXXXX   is the PC
  m        is the mode ('r' or empty)
  FFFF     is the file name
  [TT]     is the CPU clock
  11 ..    are code or data bytes
  [DD]     depth of IFDEF and ENDIF (The depth or empty)


------     1 [--]               [00]  .autoimport
------     1 [--]               [00]  EM78P173N EQU 1
------     1 [--]               [00]  _SIMPLE_RSR_ EQU 1
------     1 [--]               [00]  .include "sysdefii.inc"
------     2 [--]               [00]  
------     1 [--]               [00]  ccounter equ pr1
------     1 [--]               [00]  .stabs "icc_compiled.",60,0,0,0
------     1 [--]               [00]  .stabs "C:\Users\daminger\Desktop\练习\MD-01程序资料\MD-01程序173N-SOP8\TM1650.c",100,0,3,0
------     1 [--]               [00]  .stabs "int:t1=r1;-128;127;",128,0,0,0
------     1 [--]               [00]  .stabs "char:t2=r2;-128;127;",128,0,0,0
------     1 [--]               [00]  .stabs "double:t3=r1;3;0;",128,0,0,0
------     1 [--]               [00]  .stabs "float:t4=r1;3;0;",128,0,0,0
------     1 [--]               [00]  .stabs "long double:t5=r1;3;0;",128,0,0,0
------     1 [--]               [00]  .stabs "long:t6=r1;-2147483648;2147483647;",128,0,0,0
------     1 [--]               [00]  .stabs "long long:t7=r1;-2147483648;2147483647;",128,0,0,0
------     1 [--]               [00]  .stabs "short:t8=r1;-32768;32767;",128,0,0,0
------     1 [--]               [00]  .stabs "signed char:t9=r1;-128;127;",128,0,0,0
------     1 [--]               [00]  .stabs "unsigned char:t10=r1;0;255;",128,0,0,0
------     1 [--]               [00]  .stabs "unsigned long:t11=r1;0;4294967295;",128,0,0,0
------     1 [--]               [00]  .stabs "unsigned long long:t12=r1;0;4294967295;",128,0,0,0
------     1 [--]               [00]  .stabs "unsigned short:t13=r1;0;65535;",128,0,0,0
------     1 [--]               [00]  .stabs "unsigned int:t14=r1;0;255;",128,0,0,0
------     1 [--]               [00]  .stabs "void:t15=15",128,0,0,0
------     1 [--]               [00]  .stabs "bit:t16=r16;0;1;",128,0,0,0
------     1 [--]               [00]  .section ".rom",T_ROM
------     1 [--]               [00]  public _Display_data
------     1 [--]               [00]  .align 1
------     1 [--]               [00]  _Display_data:
------     1 [--]               [00]  .SYMDEF "_Display_data" LEN:10
000000r    1 [--]  FC 60        [00]  db 252
000001r    1 [--]  -- --        [00]  db 96
000002r    1 [--]  DA F2        [00]  db 218
000003r    1 [--]  -- --        [00]  db 242
000004r    1 [--]  66 B6        [00]  db 102
000005r    1 [--]  -- --        [00]  db 182
000006r    1 [--]  BE E0        [00]  db 190
000007r    1 [--]  -- --        [00]  db 224
000008r    1 [--]  FE F6        [00]  db 254
000009r    1 [--]  -- --        [00]  db 246
------     1 [--]               [00]  .stabs ":t17=ar1;0;9;14",128,0,0,0
------     1 [--]               [00]  .stabs "Display_data:G17",32,0,0,_Display_data
------     1 [--]               [00]  .section ".data"
------     1 [--]               [00]  public _Display_AIP1620_flag
------     1 [--]               [00]  .align 1
------     1 [--]               [00]  _Display_AIP1620_flag:
------     1 [--]               [00]  .SYMDEF "_Display_AIP1620_flag" BIT,LEN:1
000000r    1 [--]  00 00        [00]  db 0
------     1 [--]               [00]  .stabs "Display_AIP1620_flag:G16",32,0,0,_Display_AIP1620_flag@BIT
------     1 [--]               [00]  public _TM1650_sendbit
------     1 [--]               [00]  public TM1650_sendbit_bp
------     1 [--]               [00]  .section ".code"
------     1 [--]               [00]  .stabs "TM1650_sendbit:F15",36,0,0,_TM1650_sendbit
------     1 [--]               [00]  .section ".S0",C_CODE
------     1 [--]               [00]  .SYMDEF ".S0" 
------     1 [--]               [00]  _TM1650_sendbit:
------     1 [--]               [00]  .SYMDEF "_TM1650_sendbit" 
000000r    1 [01]  00 04 r      [00]  mov a,ecx
000001r    1 [01]  7C 00 r      [00]  mov TM1650_sendbit_bp-4,a
000002r    1 [01]  01 04 r      [00]  mov a,ecx+1
000003r    1 [01]  7D 00 r      [00]  mov TM1650_sendbit_bp-3,a
000004r    1 [01]  02 04 r      [00]  mov a,ecx+2
000005r    1 [01]  7E 00 r      [00]  mov TM1650_sendbit_bp-2,a
000006r    1 [01]  03 04 r      [00]  mov a,ecx+3
000007r    1 [01]  7F 00 r      [00]  mov TM1650_sendbit_bp-1,a
------     1 [--]               [00]  .stabs "TM1650_sendbit_data:14",160,0,0,TM1650_sendbit_bp+0
------     1 [--]               [00]  .stabs "TM1650_sendbit_i:14",128,0,0,TM1650_sendbit_bp-5
------     1 [--]               [00]  .stabn 192,0,0,L8
------     1 [--]               [00]  L8:
------     1 [--]               [00]  .stabn 68,0,28,L10
------     1 [--]               [00]  L10:
------     1 [--]               [00]  .stabn 68,0,30,L11
------     1 [--]               [00]  L11:
000008r    1 [01]  FB 00 r      [00]  clr TM1650_sendbit_bp-5
000009r    1 [01]  00 14 r      [00]  jmp @L$5
------     1 [--]               [00]  L$2:
------     1 [--]               [00]  .stabn 192,0,1,L12
------     1 [--]               [00]  L12:
------     1 [--]               [00]  .stabn 68,0,31,L13
------     1 [--]               [00]  L13:
------     1 [--]               [00]  .stabn 68,0,32,L14
------     1 [--]               [00]  L14:
00000Ar    1 [01]  00 09 r      [00]  bc _P64,4
------     1 [--]               [00]  .stabn 68,0,33,L15
------     1 [--]               [00]  L15:
------     1 [--]               [00]  .cfile "C:\Users\daminger\Desktop\练习\MD-01程序资料\MD-01程序173N-SOP8\TM1650.c(33):"
00000Br    1 [01]  00 00        [00]  NOP
------     1 [--]               [00]  .stabn 68,0,33,L16
------     1 [--]               [00]  L16:
------     1 [--]               [00]  .stabn 68,0,33,L17
------     1 [--]               [00]  L17:
------     1 [--]               [00]  .cfile "C:\Users\daminger\Desktop\练习\MD-01程序资料\MD-01程序173N-SOP8\TM1650.c(33):"
00000Cr    1 [01]  00 00        [00]  NOP
------     1 [--]               [00]  .stabn 68,0,33,L18
------     1 [--]               [00]  L18:
------     1 [--]               [00]  .stabn 68,0,33,L19
------     1 [--]               [00]  L19:
------     1 [--]               [00]  .cfile "C:\Users\daminger\Desktop\练习\MD-01程序资料\MD-01程序173N-SOP8\TM1650.c(33):"
00000Dr    1 [01]  00 00        [00]  NOP
------     1 [--]               [00]  .stabn 68,0,33,L20
------     1 [--]               [00]  L20:
------     1 [--]               [00]  .stabn 68,0,33,L21
------     1 [--]               [00]  L21:
------     1 [--]               [00]  .cfile "C:\Users\daminger\Desktop\练习\MD-01程序资料\MD-01程序173N-SOP8\TM1650.c(33):"
00000Er    1 [01]  00 00        [00]  NOP
------     1 [--]               [00]  .stabn 68,0,33,L22
------     1 [--]               [00]  L22:
------     1 [--]               [00]  .stabn 68,0,33,L23
------     1 [--]               [00]  L23:
------     1 [--]               [00]  .cfile "C:\Users\daminger\Desktop\练习\MD-01程序资料\MD-01程序173N-SOP8\TM1650.c(33):"
00000Fr    1 [01]  00 00        [00]  NOP
------     1 [--]               [00]  .stabn 68,0,33,L24
------     1 [--]               [00]  L24:
------     1 [--]               [00]  .stabn 68,0,34,L25
------     1 [--]               [00]  L25:
000010r    1 [01]  00 04 r      [00]  LDA TM1650_sendbit_bp+0,0,0
000011r    1 [--]  -- --        [00]  mov ecx,a
000012r    1 [01]  80 1A        [00]  mov a,@128
000013r    1 [--]  -- --        [00]  and ecx,a
000014r    1 [--]  -- --        [00]  EQNEPRIB ecx,0
000015r    1 [01]  83 0C        [00]  jbc STATUS,zf
000016r    1 [01]  00 14 r      [00]  EXTJMP @L$6
------     1 [--]               [00]  .stabn 192,0,2,L26
------     1 [--]               [00]  L26:
------     1 [--]               [00]  .stabn 68,0,35,L27
------     1 [--]               [00]  L27:
------     1 [--]               [00]  .stabn 68,0,36,L28
------     1 [--]               [00]  L28:
000017r    1 [01]  40 0B r      [00]  bs _P65,5
------     1 [--]               [00]  .stabn 68,0,37,L29
------     1 [--]               [00]  L29:
------     1 [--]               [00]  .stabn 224,0,2,L30
------     1 [--]               [00]  L30:
000018r    1 [01]  00 14 r      [00]  jmp @L$7
------     1 [--]               [00]  L$6:
------     1 [--]               [00]  .stabn 192,0,2,L31
------     1 [--]               [00]  L31:
------     1 [--]               [00]  .stabn 68,0,39,L32
------     1 [--]               [00]  L32:
------     1 [--]               [00]  .stabn 68,0,40,L33
------     1 [--]               [00]  L33:
000019r    1 [01]  40 09 r      [00]  bc _P65,5
------     1 [--]               [00]  .stabn 68,0,41,L34
------     1 [--]               [00]  L34:
------     1 [--]               [00]  .stabn 224,0,2,L35
------     1 [--]               [00]  L35:
------     1 [--]               [00]  L$7:
------     1 [--]               [00]  .stabn 68,0,42,L36
------     1 [--]               [00]  L36:
00001Ar    1 [01]  03 08 r      [00]  LSHUMIB TM1650_sendbit_bp+0,1,0
           1 [01]  C0 06 r      [00]  
------     1 [--]               [00]  .stabn 68,0,43,L37
------     1 [--]               [00]  L37:
00001Cr    1 [01]  00 0B r      [00]  bs _P64,4
------     1 [--]               [00]  .stabn 68,0,44,L38
------     1 [--]               [00]  L38:
------     1 [--]               [00]  .cfile "C:\Users\daminger\Desktop\练习\MD-01程序资料\MD-01程序173N-SOP8\TM1650.c(44):"
00001Dr    1 [01]  00 00        [00]  NOP
------     1 [--]               [00]  .stabn 68,0,44,L39
------     1 [--]               [00]  L39:
------     1 [--]               [00]  .stabn 68,0,44,L40
------     1 [--]               [00]  L40:
------     1 [--]               [00]  .cfile "C:\Users\daminger\Desktop\练习\MD-01程序资料\MD-01程序173N-SOP8\TM1650.c(44):"
00001Er    1 [01]  00 00        [00]  NOP
------     1 [--]               [00]  .stabn 68,0,44,L41
------     1 [--]               [00]  L41:
------     1 [--]               [00]  .stabn 68,0,44,L42
------     1 [--]               [00]  L42:
------     1 [--]               [00]  .cfile "C:\Users\daminger\Desktop\练习\MD-01程序资料\MD-01程序173N-SOP8\TM1650.c(44):"
00001Fr    1 [01]  00 00        [00]  NOP
------     1 [--]               [00]  .stabn 68,0,44,L43
------     1 [--]               [00]  L43:
------     1 [--]               [00]  .stabn 68,0,44,L44
------     1 [--]               [00]  L44:
------     1 [--]               [00]  .cfile "C:\Users\daminger\Desktop\练习\MD-01程序资料\MD-01程序173N-SOP8\TM1650.c(44):"
000020r    1 [01]  00 00        [00]  NOP
------     1 [--]               [00]  .stabn 68,0,44,L45
------     1 [--]               [00]  L45:
------     1 [--]               [00]  .stabn 68,0,44,L46
------     1 [--]               [00]  L46:
------     1 [--]               [00]  .cfile "C:\Users\daminger\Desktop\练习\MD-01程序资料\MD-01程序173N-SOP8\TM1650.c(44):"
000021r    1 [01]  00 00        [00]  NOP
------     1 [--]               [00]  .stabn 68,0,44,L47
------     1 [--]               [00]  L47:
------     1 [--]               [00]  .stabn 68,0,45,L48
------     1 [--]               [00]  L48:
------     1 [--]               [00]  .stabn 224,0,1,L49
------     1 [--]               [00]  L49:
------     1 [--]               [00]  L$3:
------     1 [--]               [00]  .stabn 68,0,30,L50
------     1 [--]               [00]  L50:
000022r    1 [01]  7B 05 r      [00]  LDA TM1650_sendbit_bp-5,0,0
000023r    1 [--]  -- --        [00]  add a,@1
000024r    1 [--]  -- --        [00]  STA TM1650_sendbit_bp-5,0,0
------     1 [--]               [00]  L$5:
------     1 [--]               [00]  .stabn 68,0,30,L51
------     1 [--]               [00]  L51:
000025r    1 [01]  08 18 r      [00]  ULTRIB TM1650_sendbit_bp-5,0x8
           1 [01]  3B 01 r      [00]  
000027r    1 [01]  03 0E        [00]  jbs STATUS, cf
000028r    1 [01]  00 14 r      [00]  EXTJMP L$2
------     1 [--]               [00]  .stabn 68,0,46,L52
------     1 [--]               [00]  L52:
------     1 [--]               [00]  .stabn 224,0,0,L53
------     1 [--]               [00]  L53:
------     1 [--]               [00]  L$1:
000029r    1 [01]  3C 04 r      [00]  mov a,TM1650_sendbit_bp-4
00002Ar    1 [01]  40 00 r      [00]  mov ecx,a
00002Br    1 [01]  3D 04 r      [00]  mov a,TM1650_sendbit_bp-3
00002Cr    1 [01]  41 00 r      [00]  mov ecx+1,a
00002Dr    1 [01]  3E 04 r      [00]  mov a,TM1650_sendbit_bp-2
00002Er    1 [01]  42 00 r      [00]  mov ecx+2,a
00002Fr    1 [01]  3F 04 r      [00]  mov a,TM1650_sendbit_bp-1
000030r    1 [01]  43 00 r      [00]  mov ecx+3,a
000031r    1 [01]  12 00        [00]  ret
------     1 [--]               [00]  .STACK TM1650_sendbit_bp,local,5
------     1 [--]               [00]  public _TM1650_START
------     1 [--]               [00]  public TM1650_START_bp
------     1 [--]               [00]  .stabs "TM1650_START:F15",36,0,0,_TM1650_START
------     1 [--]               [00]  .section ".S1",C_CODE
------     1 [--]               [00]  .SYMDEF ".S1" 
------     1 [--]               [00]  _TM1650_START:
------     1 [--]               [00]  .SYMDEF "_TM1650_START" 
000000r    1 [01]  00 04 r      [00]  mov a,ecx
000001r    1 [01]  7C 00 r      [00]  mov TM1650_START_bp-4,a
000002r    1 [01]  01 04 r      [00]  mov a,ecx+1
000003r    1 [01]  7D 00 r      [00]  mov TM1650_START_bp-3,a
000004r    1 [01]  02 04 r      [00]  mov a,ecx+2
000005r    1 [01]  7E 00 r      [00]  mov TM1650_START_bp-2,a
000006r    1 [01]  03 04 r      [00]  mov a,ecx+3
000007r    1 [01]  7F 00 r      [00]  mov TM1650_START_bp-1,a
------     1 [--]               [00]  .stabn 192,0,0,L55
------     1 [--]               [00]  L55:
------     1 [--]               [00]  .stabn 68,0,49,L56
------     1 [--]               [00]  L56:
------     1 [--]               [00]  .stabn 68,0,50,L57
------     1 [--]               [00]  L57:
000008r    1 [01]  40 0B r      [00]  bs _P65,5
------     1 [--]               [00]  .stabn 68,0,51,L58
------     1 [--]               [00]  L58:
000009r    1 [01]  00 0B r      [00]  bs _P64,4
------     1 [--]               [00]  .stabn 68,0,52,L59
------     1 [--]               [00]  L59:
------     1 [--]               [00]  .cfile "C:\Users\daminger\Desktop\练习\MD-01程序资料\MD-01程序173N-SOP8\TM1650.c(52):"
00000Ar    1 [01]  00 00        [00]  NOP
------     1 [--]               [00]  .stabn 68,0,52,L60
------     1 [--]               [00]  L60:
------     1 [--]               [00]  .stabn 68,0,52,L61
------     1 [--]               [00]  L61:
------     1 [--]               [00]  .cfile "C:\Users\daminger\Desktop\练习\MD-01程序资料\MD-01程序173N-SOP8\TM1650.c(52):"
00000Br    1 [01]  00 00        [00]  NOP
------     1 [--]               [00]  .stabn 68,0,52,L62
------     1 [--]               [00]  L62:
------     1 [--]               [00]  .stabn 68,0,52,L63
------     1 [--]               [00]  L63:
------     1 [--]               [00]  .cfile "C:\Users\daminger\Desktop\练习\MD-01程序资料\MD-01程序173N-SOP8\TM1650.c(52):"
00000Cr    1 [01]  00 00        [00]  NOP
------     1 [--]               [00]  .stabn 68,0,52,L64
------     1 [--]               [00]  L64:
------     1 [--]               [00]  .stabn 68,0,52,L65
------     1 [--]               [00]  L65:
------     1 [--]               [00]  .cfile "C:\Users\daminger\Desktop\练习\MD-01程序资料\MD-01程序173N-SOP8\TM1650.c(52):"
00000Dr    1 [01]  00 00        [00]  NOP
------     1 [--]               [00]  .stabn 68,0,52,L66
------     1 [--]               [00]  L66:
------     1 [--]               [00]  .stabn 68,0,52,L67
------     1 [--]               [00]  L67:
------     1 [--]               [00]  .cfile "C:\Users\daminger\Desktop\练习\MD-01程序资料\MD-01程序173N-SOP8\TM1650.c(52):"
00000Er    1 [01]  00 00        [00]  NOP
------     1 [--]               [00]  .stabn 68,0,52,L68
------     1 [--]               [00]  L68:
------     1 [--]               [00]  .stabn 68,0,53,L69
------     1 [--]               [00]  L69:
00000Fr    1 [01]  40 09 r      [00]  bc _P65,5
------     1 [--]               [00]  .stabn 68,0,54,L70
------     1 [--]               [00]  L70:
------     1 [--]               [00]  .cfile "C:\Users\daminger\Desktop\练习\MD-01程序资料\MD-01程序173N-SOP8\TM1650.c(54):"
000010r    1 [01]  00 00        [00]  NOP
------     1 [--]               [00]  .stabn 68,0,54,L71
------     1 [--]               [00]  L71:
------     1 [--]               [00]  .stabn 68,0,54,L72
------     1 [--]               [00]  L72:
------     1 [--]               [00]  .cfile "C:\Users\daminger\Desktop\练习\MD-01程序资料\MD-01程序173N-SOP8\TM1650.c(54):"
000011r    1 [01]  00 00        [00]  NOP
------     1 [--]               [00]  .stabn 68,0,54,L73
------     1 [--]               [00]  L73:
------     1 [--]               [00]  .stabn 68,0,54,L74
------     1 [--]               [00]  L74:
------     1 [--]               [00]  .cfile "C:\Users\daminger\Desktop\练习\MD-01程序资料\MD-01程序173N-SOP8\TM1650.c(54):"
000012r    1 [01]  00 00        [00]  NOP
------     1 [--]               [00]  .stabn 68,0,54,L75
------     1 [--]               [00]  L75:
------     1 [--]               [00]  .stabn 68,0,54,L76
------     1 [--]               [00]  L76:
------     1 [--]               [00]  .cfile "C:\Users\daminger\Desktop\练习\MD-01程序资料\MD-01程序173N-SOP8\TM1650.c(54):"
000013r    1 [01]  00 00        [00]  NOP
------     1 [--]               [00]  .stabn 68,0,54,L77
------     1 [--]               [00]  L77:
------     1 [--]               [00]  .stabn 68,0,54,L78
------     1 [--]               [00]  L78:
------     1 [--]               [00]  .cfile "C:\Users\daminger\Desktop\练习\MD-01程序资料\MD-01程序173N-SOP8\TM1650.c(54):"
000014r    1 [01]  00 00        [00]  NOP
------     1 [--]               [00]  .stabn 68,0,54,L79
------     1 [--]               [00]  L79:
------     1 [--]               [00]  .stabn 68,0,55,L80
------     1 [--]               [00]  L80:
------     1 [--]               [00]  .stabn 224,0,0,L81
------     1 [--]               [00]  L81:
------     1 [--]               [00]  L$54:
000015r    1 [01]  3C 04 r      [00]  mov a,TM1650_START_bp-4
000016r    1 [01]  40 00 r      [00]  mov ecx,a
000017r    1 [01]  3D 04 r      [00]  mov a,TM1650_START_bp-3
000018r    1 [01]  41 00 r      [00]  mov ecx+1,a
000019r    1 [01]  3E 04 r      [00]  mov a,TM1650_START_bp-2
00001Ar    1 [01]  42 00 r      [00]  mov ecx+2,a
00001Br    1 [01]  3F 04 r      [00]  mov a,TM1650_START_bp-1
00001Cr    1 [01]  43 00 r      [00]  mov ecx+3,a
00001Dr    1 [01]  12 00        [00]  ret
------     1 [--]               [00]  .STACK TM1650_START_bp,local,4
------     1 [--]               [00]  public _TM1650_STOP
------     1 [--]               [00]  public TM1650_STOP_bp
------     1 [--]               [00]  .stabs "TM1650_STOP:F15",36,0,0,_TM1650_STOP
------     1 [--]               [00]  .section ".S2",C_CODE
------     1 [--]               [00]  .SYMDEF ".S2" 
------     1 [--]               [00]  _TM1650_STOP:
------     1 [--]               [00]  .SYMDEF "_TM1650_STOP" 
000000r    1 [01]  00 04 r      [00]  mov a,ecx
000001r    1 [01]  7C 00 r      [00]  mov TM1650_STOP_bp-4,a
000002r    1 [01]  01 04 r      [00]  mov a,ecx+1
000003r    1 [01]  7D 00 r      [00]  mov TM1650_STOP_bp-3,a
000004r    1 [01]  02 04 r      [00]  mov a,ecx+2
000005r    1 [01]  7E 00 r      [00]  mov TM1650_STOP_bp-2,a
000006r    1 [01]  03 04 r      [00]  mov a,ecx+3
000007r    1 [01]  7F 00 r      [00]  mov TM1650_STOP_bp-1,a
------     1 [--]               [00]  .stabn 192,0,0,L83
------     1 [--]               [00]  L83:
------     1 [--]               [00]  .stabn 68,0,57,L84
------     1 [--]               [00]  L84:
------     1 [--]               [00]  .stabn 68,0,58,L85
------     1 [--]               [00]  L85:
000008r    1 [01]  00 0B r      [00]  bs _P64,4
------     1 [--]               [00]  .stabn 68,0,59,L86
------     1 [--]               [00]  L86:
000009r    1 [01]  40 09 r      [00]  bc _P65,5
------     1 [--]               [00]  .stabn 68,0,60,L87
------     1 [--]               [00]  L87:
------     1 [--]               [00]  .cfile "C:\Users\daminger\Desktop\练习\MD-01程序资料\MD-01程序173N-SOP8\TM1650.c(60):"
00000Ar    1 [01]  00 00        [00]  NOP
------     1 [--]               [00]  .stabn 68,0,60,L88
------     1 [--]               [00]  L88:
------     1 [--]               [00]  .stabn 68,0,60,L89
------     1 [--]               [00]  L89:
------     1 [--]               [00]  .cfile "C:\Users\daminger\Desktop\练习\MD-01程序资料\MD-01程序173N-SOP8\TM1650.c(60):"
00000Br    1 [01]  00 00        [00]  NOP
------     1 [--]               [00]  .stabn 68,0,60,L90
------     1 [--]               [00]  L90:
------     1 [--]               [00]  .stabn 68,0,60,L91
------     1 [--]               [00]  L91:
------     1 [--]               [00]  .cfile "C:\Users\daminger\Desktop\练习\MD-01程序资料\MD-01程序173N-SOP8\TM1650.c(60):"
00000Cr    1 [01]  00 00        [00]  NOP
------     1 [--]               [00]  .stabn 68,0,60,L92
------     1 [--]               [00]  L92:
------     1 [--]               [00]  .stabn 68,0,60,L93
------     1 [--]               [00]  L93:
------     1 [--]               [00]  .cfile "C:\Users\daminger\Desktop\练习\MD-01程序资料\MD-01程序173N-SOP8\TM1650.c(60):"
00000Dr    1 [01]  00 00        [00]  NOP
------     1 [--]               [00]  .stabn 68,0,60,L94
------     1 [--]               [00]  L94:
------     1 [--]               [00]  .stabn 68,0,60,L95
------     1 [--]               [00]  L95:
------     1 [--]               [00]  .cfile "C:\Users\daminger\Desktop\练习\MD-01程序资料\MD-01程序173N-SOP8\TM1650.c(60):"
00000Er    1 [01]  00 00        [00]  NOP
------     1 [--]               [00]  .stabn 68,0,60,L96
------     1 [--]               [00]  L96:
------     1 [--]               [00]  .stabn 68,0,61,L97
------     1 [--]               [00]  L97:
00000Fr    1 [01]  40 0B r      [00]  bs _P65,5
------     1 [--]               [00]  .stabn 68,0,62,L98
------     1 [--]               [00]  L98:
------     1 [--]               [00]  .cfile "C:\Users\daminger\Desktop\练习\MD-01程序资料\MD-01程序173N-SOP8\TM1650.c(62):"
000010r    1 [01]  00 00        [00]  NOP
------     1 [--]               [00]  .stabn 68,0,62,L99
------     1 [--]               [00]  L99:
------     1 [--]               [00]  .stabn 68,0,62,L100
------     1 [--]               [00]  L100:
------     1 [--]               [00]  .cfile "C:\Users\daminger\Desktop\练习\MD-01程序资料\MD-01程序173N-SOP8\TM1650.c(62):"
000011r    1 [01]  00 00        [00]  NOP
------     1 [--]               [00]  .stabn 68,0,62,L101
------     1 [--]               [00]  L101:
------     1 [--]               [00]  .stabn 68,0,62,L102
------     1 [--]               [00]  L102:
------     1 [--]               [00]  .cfile "C:\Users\daminger\Desktop\练习\MD-01程序资料\MD-01程序173N-SOP8\TM1650.c(62):"
000012r    1 [01]  00 00        [00]  NOP
------     1 [--]               [00]  .stabn 68,0,62,L103
------     1 [--]               [00]  L103:
------     1 [--]               [00]  .stabn 68,0,62,L104
------     1 [--]               [00]  L104:
------     1 [--]               [00]  .cfile "C:\Users\daminger\Desktop\练习\MD-01程序资料\MD-01程序173N-SOP8\TM1650.c(62):"
000013r    1 [01]  00 00        [00]  NOP
------     1 [--]               [00]  .stabn 68,0,62,L105
------     1 [--]               [00]  L105:
------     1 [--]               [00]  .stabn 68,0,62,L106
------     1 [--]               [00]  L106:
------     1 [--]               [00]  .cfile "C:\Users\daminger\Desktop\练习\MD-01程序资料\MD-01程序173N-SOP8\TM1650.c(62):"
000014r    1 [01]  00 00        [00]  NOP
------     1 [--]               [00]  .stabn 68,0,62,L107
------     1 [--]               [00]  L107:
------     1 [--]               [00]  .stabn 68,0,63,L108
------     1 [--]               [00]  L108:
------     1 [--]               [00]  .stabn 224,0,0,L109
------     1 [--]               [00]  L109:
------     1 [--]               [00]  L$82:
000015r    1 [01]  3C 04 r      [00]  mov a,TM1650_STOP_bp-4
000016r    1 [01]  40 00 r      [00]  mov ecx,a
000017r    1 [01]  3D 04 r      [00]  mov a,TM1650_STOP_bp-3
000018r    1 [01]  41 00 r      [00]  mov ecx+1,a
000019r    1 [01]  3E 04 r      [00]  mov a,TM1650_STOP_bp-2
00001Ar    1 [01]  42 00 r      [00]  mov ecx+2,a
00001Br    1 [01]  3F 04 r      [00]  mov a,TM1650_STOP_bp-1
00001Cr    1 [01]  43 00 r      [00]  mov ecx+3,a
00001Dr    1 [01]  12 00        [00]  ret
------     1 [--]               [00]  .STACK TM1650_STOP_bp,local,4
------     1 [--]               [00]  public _TM1650_ASK
------     1 [--]               [00]  public TM1650_ASK_bp
------     1 [--]               [00]  .stabs "TM1650_ASK:F15",36,0,0,_TM1650_ASK
------     1 [--]               [00]  .section ".S3",C_CODE
------     1 [--]               [00]  .SYMDEF ".S3" 
------     1 [--]               [00]  _TM1650_ASK:
------     1 [--]               [00]  .SYMDEF "_TM1650_ASK" 
000000r    1 [01]  00 04 r      [00]  mov a,ecx
000001r    1 [01]  7C 00 r      [00]  mov TM1650_ASK_bp-4,a
000002r    1 [01]  01 04 r      [00]  mov a,ecx+1
000003r    1 [01]  7D 00 r      [00]  mov TM1650_ASK_bp-3,a
000004r    1 [01]  02 04 r      [00]  mov a,ecx+2
000005r    1 [01]  7E 00 r      [00]  mov TM1650_ASK_bp-2,a
000006r    1 [01]  03 04 r      [00]  mov a,ecx+3
000007r    1 [01]  7F 00 r      [00]  mov TM1650_ASK_bp-1,a
------     1 [--]               [00]  .stabs "AT24C16_SendNACK_i:14",128,0,0,TM1650_ASK_bp-5
------     1 [--]               [00]  .stabn 192,0,0,L115
------     1 [--]               [00]  L115:
------     1 [--]               [00]  .stabn 68,0,65,L116
------     1 [--]               [00]  L116:
------     1 [--]               [00]  .stabn 68,0,66,L117
------     1 [--]               [00]  L117:
000008r    1 [01]  FB 00 r      [00]  clr TM1650_ASK_bp-5
------     1 [--]               [00]  .stabn 68,0,67,L118
------     1 [--]               [00]  L118:
000009r    1 [01]  00 09 r      [00]  bc _P64,4
------     1 [--]               [00]  .stabn 68,0,68,L119
------     1 [--]               [00]  L119:
------     1 [--]               [00]  .cfile "C:\Users\daminger\Desktop\练习\MD-01程序资料\MD-01程序173N-SOP8\TM1650.c(68):"
00000Ar    1 [01]  00 00        [00]  NOP
------     1 [--]               [00]  .stabn 68,0,68,L120
------     1 [--]               [00]  L120:
------     1 [--]               [00]  .stabn 68,0,68,L121
------     1 [--]               [00]  L121:
------     1 [--]               [00]  .cfile "C:\Users\daminger\Desktop\练习\MD-01程序资料\MD-01程序173N-SOP8\TM1650.c(68):"
00000Br    1 [01]  00 00        [00]  NOP
------     1 [--]               [00]  .stabn 68,0,68,L122
------     1 [--]               [00]  L122:
------     1 [--]               [00]  .stabn 68,0,68,L123
------     1 [--]               [00]  L123:
------     1 [--]               [00]  .cfile "C:\Users\daminger\Desktop\练习\MD-01程序资料\MD-01程序173N-SOP8\TM1650.c(68):"
00000Cr    1 [01]  00 00        [00]  NOP
------     1 [--]               [00]  .stabn 68,0,68,L124
------     1 [--]               [00]  L124:
------     1 [--]               [00]  .stabn 68,0,68,L125
------     1 [--]               [00]  L125:
------     1 [--]               [00]  .cfile "C:\Users\daminger\Desktop\练习\MD-01程序资料\MD-01程序173N-SOP8\TM1650.c(68):"
00000Dr    1 [01]  00 00        [00]  NOP
------     1 [--]               [00]  .stabn 68,0,68,L126
------     1 [--]               [00]  L126:
------     1 [--]               [00]  .stabn 68,0,68,L127
------     1 [--]               [00]  L127:
------     1 [--]               [00]  .cfile "C:\Users\daminger\Desktop\练习\MD-01程序资料\MD-01程序173N-SOP8\TM1650.c(68):"
00000Er    1 [01]  00 00        [00]  NOP
------     1 [--]               [00]  .stabn 68,0,68,L128
------     1 [--]               [00]  L128:
------     1 [--]               [00]  .stabn 68,0,69,L129
------     1 [--]               [00]  L129:
00000Fr    1 [01]  10 00 r      [00]  LDA _P6CR,0,2
000010r    1 [01]  20 19        [00]  or a,@32
000011r    1 [01]  00 00 r      [00]  STA _P6CR,0,2
000012r    1 [01]  00 14 r      [00]  jmp @L$112
------     1 [--]               [00]  L$111:
------     1 [--]               [00]  .stabn 192,0,1,L130
------     1 [--]               [00]  L130:
------     1 [--]               [00]  .stabn 68,0,71,L131
------     1 [--]               [00]  L131:
------     1 [--]               [00]  .stabn 68,0,72,L132
------     1 [--]               [00]  L132:
000013r    1 [01]  7B 05 r      [00]  LDA TM1650_ASK_bp-5,0,0
000014r    1 [--]  -- --        [00]  add a,@1
000015r    1 [--]  -- --        [00]  STA TM1650_ASK_bp-5,0,0
------     1 [--]               [00]  .stabn 68,0,73,L133
------     1 [--]               [00]  L133:
------     1 [--]               [00]  .stabn 224,0,1,L134
------     1 [--]               [00]  L134:
------     1 [--]               [00]  L$112:
------     1 [--]               [00]  .stabn 68,0,70,L135
------     1 [--]               [00]  L135:
000016r    1 [01]  40 0F r      [00]  jbs _P65,5
000017r    1 [01]  00 14 r      [00]  EXTJMP @L$114
000018r    1 [01]  64 18 r      [00]  ULTRIB TM1650_ASK_bp-5,0x64
           1 [01]  3B 01 r      [00]  
00001Ar    1 [01]  03 0E        [00]  jbs STATUS, cf
00001Br    1 [01]  00 14 r      [00]  EXTJMP L$111
------     1 [--]               [00]  L$114:
------     1 [--]               [00]  .stabn 68,0,74,L136
------     1 [--]               [00]  L136:
00001Cr    1 [01]  00 0B r      [00]  bs _P64,4
------     1 [--]               [00]  .stabn 68,0,75,L137
------     1 [--]               [00]  L137:
00001Dr    1 [01]  10 00 r      [00]  LDA _P6CR,0,2
00001Er    1 [01]  DF 1A        [00]  and a,@223
00001Fr    1 [01]  00 00 r      [00]  STA _P6CR,0,2
------     1 [--]               [00]  .stabn 68,0,76,L138
------     1 [--]               [00]  L138:
000020r    1 [01]  00 09 r      [00]  bc _P64,4
------     1 [--]               [00]  .stabn 68,0,77,L139
------     1 [--]               [00]  L139:
000021r    1 [01]  40 09 r      [00]  bc _P65,5
------     1 [--]               [00]  .stabn 68,0,78,L140
------     1 [--]               [00]  L140:
------     1 [--]               [00]  .stabn 224,0,0,L141
------     1 [--]               [00]  L141:
------     1 [--]               [00]  L$110:
000022r    1 [01]  3C 04 r      [00]  mov a,TM1650_ASK_bp-4
000023r    1 [01]  40 00 r      [00]  mov ecx,a
000024r    1 [01]  3D 04 r      [00]  mov a,TM1650_ASK_bp-3
000025r    1 [01]  41 00 r      [00]  mov ecx+1,a
000026r    1 [01]  3E 04 r      [00]  mov a,TM1650_ASK_bp-2
000027r    1 [01]  42 00 r      [00]  mov ecx+2,a
000028r    1 [01]  3F 04 r      [00]  mov a,TM1650_ASK_bp-1
000029r    1 [01]  43 00 r      [00]  mov ecx+3,a
00002Ar    1 [01]  12 00        [00]  ret
------     1 [--]               [00]  .STACK TM1650_ASK_bp,local,5
------     1 [--]               [00]  public _TM1650_display
------     1 [--]               [00]  public TM1650_display_bp
------     1 [--]               [00]  .stabs "TM1650_display:F15",36,0,0,_TM1650_display
------     1 [--]               [00]  .section ".S4",C_CODE
------     1 [--]               [00]  .SYMDEF ".S4" 
------     1 [--]               [00]  _TM1650_display:
------     1 [--]               [00]  .SYMDEF "_TM1650_display" 
000000r    1 [01]  00 04 r      [00]  mov a,ecx
000001r    1 [01]  7C 00 r      [00]  mov TM1650_display_bp-4,a
000002r    1 [01]  01 04 r      [00]  mov a,ecx+1
000003r    1 [01]  7D 00 r      [00]  mov TM1650_display_bp-3,a
000004r    1 [01]  02 04 r      [00]  mov a,ecx+2
000005r    1 [01]  7E 00 r      [00]  mov TM1650_display_bp-2,a
000006r    1 [01]  03 04 r      [00]  mov a,ecx+3
000007r    1 [01]  7F 00 r      [00]  mov TM1650_display_bp-1,a
------     1 [--]               [00]  .stabn 192,0,0,L143
------     1 [--]               [00]  L143:
------     1 [--]               [00]  .stabn 68,0,81,L144
------     1 [--]               [00]  L144:
------     1 [--]               [00]  .stabn 68,0,82,L145
------     1 [--]               [00]  L145:
000008r    1 [01]  00 10 r      [00]  call _TM1650_START
------     1 [--]               [00]  .stabn 68,0,83,L146
------     1 [--]               [00]  L146:
000009r    1 [01]  48 18        [00]  mov a,@72
00000Ar    1 [01]  40 00 r      [00]  mov TM1650_sendbit_bp+0,a
------     1 [--]               [00]  .STACK TM1650_sendbit_bp,parameter,1
00000Br    1 [01]  00 10 r      [00]  call _TM1650_sendbit
------     1 [--]               [00]  .stabn 68,0,84,L147
------     1 [--]               [00]  L147:
00000Cr    1 [01]  00 10 r      [00]  call _TM1650_ASK
------     1 [--]               [00]  .stabn 68,0,85,L148
------     1 [--]               [00]  L148:
00000Dr    1 [01]  71 18        [00]  mov a,@113
00000Er    1 [01]  40 00 r      [00]  mov TM1650_sendbit_bp+0,a
------     1 [--]               [00]  .STACK TM1650_sendbit_bp,parameter,1
00000Fr    1 [01]  00 10 r      [00]  call _TM1650_sendbit
------     1 [--]               [00]  .stabn 68,0,86,L149
------     1 [--]               [00]  L149:
000010r    1 [01]  00 10 r      [00]  call _TM1650_ASK
------     1 [--]               [00]  .stabn 68,0,87,L150
------     1 [--]               [00]  L150:
000011r    1 [01]  00 10 r      [00]  call _TM1650_STOP
------     1 [--]               [00]  .stabn 68,0,90,L151
------     1 [--]               [00]  L151:
000012r    1 [01]  00 10 r      [00]  call _TM1650_START
------     1 [--]               [00]  .stabn 68,0,91,L152
------     1 [--]               [00]  L152:
000013r    1 [01]  68 18        [00]  mov a,@104
000014r    1 [01]  40 00 r      [00]  mov TM1650_sendbit_bp+0,a
------     1 [--]               [00]  .STACK TM1650_sendbit_bp,parameter,1
000015r    1 [01]  00 10 r      [00]  call _TM1650_sendbit
------     1 [--]               [00]  .stabn 68,0,92,L153
------     1 [--]               [00]  L153:
000016r    1 [01]  00 10 r      [00]  call _TM1650_ASK
------     1 [--]               [00]  .stabn 68,0,93,L154
------     1 [--]               [00]  L154:
000017r    1 [01]  FF 18        [00]  mov a,@255
000018r    1 [01]  40 00 r      [00]  mov TM1650_sendbit_bp+0,a
------     1 [--]               [00]  .STACK TM1650_sendbit_bp,parameter,1
000019r    1 [01]  00 10 r      [00]  call _TM1650_sendbit
------     1 [--]               [00]  .stabn 68,0,94,L155
------     1 [--]               [00]  L155:
00001Ar    1 [01]  00 10 r      [00]  call _TM1650_ASK
------     1 [--]               [00]  .stabn 68,0,95,L156
------     1 [--]               [00]  L156:
00001Br    1 [01]  00 10 r      [00]  call _TM1650_STOP
------     1 [--]               [00]  .stabn 68,0,97,L157
------     1 [--]               [00]  L157:
00001Cr    1 [01]  00 10 r      [00]  call _TM1650_START
------     1 [--]               [00]  .stabn 68,0,98,L158
------     1 [--]               [00]  L158:
00001Dr    1 [01]  6A 18        [00]  mov a,@106
00001Er    1 [01]  40 00 r      [00]  mov TM1650_sendbit_bp+0,a
------     1 [--]               [00]  .STACK TM1650_sendbit_bp,parameter,1
00001Fr    1 [01]  00 10 r      [00]  call _TM1650_sendbit
------     1 [--]               [00]  .stabn 68,0,99,L159
------     1 [--]               [00]  L159:
000020r    1 [01]  00 10 r      [00]  call _TM1650_ASK
------     1 [--]               [00]  .stabn 68,0,100,L160
------     1 [--]               [00]  L160:
000021r    1 [01]  FF 18        [00]  mov a,@255
000022r    1 [01]  40 00 r      [00]  mov TM1650_sendbit_bp+0,a
------     1 [--]               [00]  .STACK TM1650_sendbit_bp,parameter,1
000023r    1 [01]  00 10 r      [00]  call _TM1650_sendbit
------     1 [--]               [00]  .stabn 68,0,101,L161
------     1 [--]               [00]  L161:
000024r    1 [01]  00 10 r      [00]  call _TM1650_ASK
------     1 [--]               [00]  .stabn 68,0,102,L162
------     1 [--]               [00]  L162:
000025r    1 [01]  00 10 r      [00]  call _TM1650_STOP
------     1 [--]               [00]  .stabn 68,0,104,L163
------     1 [--]               [00]  L163:
000026r    1 [01]  00 10 r      [00]  call _TM1650_START
------     1 [--]               [00]  .stabn 68,0,105,L164
------     1 [--]               [00]  L164:
000027r    1 [01]  6C 18        [00]  mov a,@108
000028r    1 [01]  40 00 r      [00]  mov TM1650_sendbit_bp+0,a
------     1 [--]               [00]  .STACK TM1650_sendbit_bp,parameter,1
000029r    1 [01]  00 10 r      [00]  call _TM1650_sendbit
------     1 [--]               [00]  .stabn 68,0,106,L165
------     1 [--]               [00]  L165:
00002Ar    1 [01]  00 10 r      [00]  call _TM1650_ASK
------     1 [--]               [00]  .stabn 68,0,107,L166
------     1 [--]               [00]  L166:
00002Br    1 [01]  00 04 r      [00]  LDA _Temperature_collection_data,0,0
00002Cr    1 [--]  -- --        [00]  mov ecx,a
00002Dr    1 [--]  -- -- r      [00]  UMODRIB ecx,10
           1 [01]  40 00 r      [00]  
           1 [01]  0A 18 r      [00]  
           1 [01]  40 00 r      [00]  
           1 [01]  00 10 r      [00]  
           1 [--]  -- -- r      [00]  
000033r    1 [--]  -- --        [00]  mov a,ecx
000034r    1 [01]  00 10 r      [00]  call _Display_data
000035r    1 [--]  -- --        [00]  mov ecx,a
000036r    1 [--]  -- --        [00]  mov a,ecx
000037r    1 [01]  40 00 r      [00]  mov TM1650_sendbit_bp+0,a
------     1 [--]               [00]  .STACK TM1650_sendbit_bp,parameter,1
000038r    1 [01]  00 10 r      [00]  call _TM1650_sendbit
------     1 [--]               [00]  .stabn 68,0,108,L167
------     1 [--]               [00]  L167:
000039r    1 [01]  00 10 r      [00]  call _TM1650_ASK
------     1 [--]               [00]  .stabn 68,0,109,L168
------     1 [--]               [00]  L168:
00003Ar    1 [01]  00 10 r      [00]  call _TM1650_STOP
------     1 [--]               [00]  .stabn 68,0,111,L169
------     1 [--]               [00]  L169:
00003Br    1 [01]  00 10 r      [00]  call _TM1650_START
------     1 [--]               [00]  .stabn 68,0,112,L170
------     1 [--]               [00]  L170:
00003Cr    1 [01]  6E 18        [00]  mov a,@110
00003Dr    1 [01]  40 00 r      [00]  mov TM1650_sendbit_bp+0,a
------     1 [--]               [00]  .STACK TM1650_sendbit_bp,parameter,1
00003Er    1 [01]  00 10 r      [00]  call _TM1650_sendbit
------     1 [--]               [00]  .stabn 68,0,113,L171
------     1 [--]               [00]  L171:
00003Fr    1 [01]  00 10 r      [00]  call _TM1650_ASK
------     1 [--]               [00]  .stabn 68,0,114,L172
------     1 [--]               [00]  L172:
000040r    1 [01]  00 04 r      [00]  LDA _Temperature_collection_data,0,0
000041r    1 [--]  -- --        [00]  mov ecx,a
000042r    1 [--]  -- -- r      [00]  UDIVRIB ecx,10
           1 [01]  40 00 r      [00]  
           1 [01]  0A 18 r      [00]  
           1 [01]  40 00 r      [00]  
           1 [01]  00 10 r      [00]  
           1 [--]  -- -- r      [00]  
000048r    1 [--]  -- --        [00]  mov a,ecx
000049r    1 [01]  00 10 r      [00]  call _Display_data
00004Ar    1 [--]  -- --        [00]  mov ecx,a
00004Br    1 [--]  -- --        [00]  mov a,ecx
00004Cr    1 [01]  40 00 r      [00]  mov TM1650_sendbit_bp+0,a
------     1 [--]               [00]  .STACK TM1650_sendbit_bp,parameter,1
00004Dr    1 [01]  00 10 r      [00]  call _TM1650_sendbit
------     1 [--]               [00]  .stabn 68,0,115,L173
------     1 [--]               [00]  L173:
00004Er    1 [01]  00 10 r      [00]  call _TM1650_ASK
------     1 [--]               [00]  .stabn 68,0,116,L174
------     1 [--]               [00]  L174:
00004Fr    1 [01]  00 10 r      [00]  call _TM1650_STOP
------     1 [--]               [00]  .stabn 68,0,117,L175
------     1 [--]               [00]  L175:
------     1 [--]               [00]  .stabn 224,0,0,L176
------     1 [--]               [00]  L176:
------     1 [--]               [00]  L$142:
000050r    1 [01]  3C 04 r      [00]  mov a,TM1650_display_bp-4
000051r    1 [01]  40 00 r      [00]  mov ecx,a
000052r    1 [01]  3D 04 r      [00]  mov a,TM1650_display_bp-3
000053r    1 [01]  41 00 r      [00]  mov ecx+1,a
000054r    1 [01]  3E 04 r      [00]  mov a,TM1650_display_bp-2
000055r    1 [01]  42 00 r      [00]  mov ecx+2,a
000056r    1 [01]  3F 04 r      [00]  mov a,TM1650_display_bp-1
000057r    1 [01]  43 00 r      [00]  mov ecx+3,a
000058r    1 [01]  12 00        [00]  ret
------     1 [--]               [00]  .STACK TM1650_display_bp,local,4
------     1 [--]               [00]  extrn _Temperature_collection_data
------     1 [--]               [00]  .section ".code"
------     1 [--]               [00]  .section ".bss"
------     1 [--]               [00]  .align 1
------     1 [--]               [00]  _TCIF:
------     1 [--]               [00]  .SYMDEF "_TCIF" REG:0,BIT:0,15,LEN:1
000000r    1 [--]  xx           [00]  ds 1
------     1 [--]               [00]  .stabs "TCIF:S16",40,0,0,_TCIF
------     1 [--]               [00]  .align 1
------     1 [--]               [00]  _EXIF:
------     1 [--]               [00]  .SYMDEF "_EXIF" REG:0,BIT:2,15,LEN:1
000001r    1 [--]  xx           [00]  ds 1
------     1 [--]               [00]  .stabs "EXIF:S16",40,0,0,_EXIF
------     1 [--]               [00]  .align 1
------     1 [--]               [00]  _LVDWE:
------     1 [--]               [00]  .SYMDEF "_LVDWE" REG:0,BIT:0,14,LEN:1
000002r    1 [--]  xx           [00]  ds 1
------     1 [--]               [00]  .stabs "LVDWE:S16",40,0,0,_LVDWE
------     1 [--]               [00]  .align 1
------     1 [--]               [00]  _LVDIF:
------     1 [--]               [00]  .SYMDEF "_LVDIF" REG:0,BIT:0,14,LEN:1
000003r    1 [--]  xx           [00]  ds 1
------     1 [--]               [00]  .stabs "LVDIF:S16",40,0,0,_LVDIF
------     1 [--]               [00]  .align 1
------     1 [--]               [00]  __LVD:
------     1 [--]               [00]  .SYMDEF "__LVD" REG:0,BIT:0,14,LEN:1
000004r    1 [--]  xx           [00]  ds 1
------     1 [--]               [00]  .stabs "_LVD:S16",40,0,0,__LVD
------     1 [--]               [00]  .align 1
------     1 [--]               [00]  _P60:
------     1 [--]               [00]  .SYMDEF "_P60" REG:0,BIT:0,6,LEN:1
000005r    1 [--]  xx           [00]  ds 1
------     1 [--]               [00]  .stabs "P60:S16",40,0,0,_P60
------     1 [--]               [00]  .align 1
------     1 [--]               [00]  _P61:
------     1 [--]               [00]  .SYMDEF "_P61" REG:0,BIT:1,6,LEN:1
000006r    1 [--]  xx           [00]  ds 1
------     1 [--]               [00]  .stabs "P61:S16",40,0,0,_P61
------     1 [--]               [00]  .align 1
------     1 [--]               [00]  _P62:
------     1 [--]               [00]  .SYMDEF "_P62" REG:0,BIT:2,6,LEN:1
000007r    1 [--]  xx           [00]  ds 1
------     1 [--]               [00]  .stabs "P62:S16",40,0,0,_P62
------     1 [--]               [00]  .align 1
------     1 [--]               [00]  _P63:
------     1 [--]               [00]  .SYMDEF "_P63" REG:0,BIT:3,6,LEN:1
000008r    1 [--]  xx           [00]  ds 1
------     1 [--]               [00]  .stabs "P63:S16",40,0,0,_P63
------     1 [--]               [00]  .align 1
------     1 [--]               [00]  _P64:
------     1 [--]               [00]  .SYMDEF "_P64" REG:0,BIT:4,6,LEN:1
000009r    1 [--]  xx           [00]  ds 1
------     1 [--]               [00]  .stabs "P64:S16",40,0,0,_P64
------     1 [--]               [00]  .align 1
------     1 [--]               [00]  _P65:
------     1 [--]               [00]  .SYMDEF "_P65" REG:0,BIT:5,6,LEN:1
00000Ar    1 [--]  xx           [00]  ds 1
------     1 [--]               [00]  .stabs "P65:S16",40,0,0,_P65
------     1 [--]               [00]  .align 1
------     1 [--]               [00]  _P66:
------     1 [--]               [00]  .SYMDEF "_P66" REG:0,BIT:6,6,LEN:1
00000Br    1 [--]  xx           [00]  ds 1
------     1 [--]               [00]  .stabs "P66:S16",40,0,0,_P66
------     1 [--]               [00]  .align 1
------     1 [--]               [00]  _P67:
------     1 [--]               [00]  .SYMDEF "_P67" REG:0,BIT:7,6,LEN:1
00000Cr    1 [--]  xx           [00]  ds 1
------     1 [--]               [00]  .stabs "P67:S16",40,0,0,_P67
------     1 [--]               [00]  .align 1
------     1 [--]               [00]  _P50:
------     1 [--]               [00]  .SYMDEF "_P50" REG:0,BIT:0,5,LEN:1
00000Dr    1 [--]  xx           [00]  ds 1
------     1 [--]               [00]  .stabs "P50:S16",40,0,0,_P50
------     1 [--]               [00]  .align 1
------     1 [--]               [00]  _P51:
------     1 [--]               [00]  .SYMDEF "_P51" REG:0,BIT:1,5,LEN:1
00000Er    1 [--]  xx           [00]  ds 1
------     1 [--]               [00]  .stabs "P51:S16",40,0,0,_P51
------     1 [--]               [00]  .align 1
------     1 [--]               [00]  _P52:
------     1 [--]               [00]  .SYMDEF "_P52" REG:0,BIT:2,5,LEN:1
00000Fr    1 [--]  xx           [00]  ds 1
------     1 [--]               [00]  .stabs "P52:S16",40,0,0,_P52
------     1 [--]               [00]  .align 1
------     1 [--]               [00]  _P53:
------     1 [--]               [00]  .SYMDEF "_P53" REG:0,BIT:3,5,LEN:1
000010r    1 [--]  xx           [00]  ds 1
------     1 [--]               [00]  .stabs "P53:S16",40,0,0,_P53
------     1 [--]               [00]  .align 1
------     1 [--]               [00]  _C:
------     1 [--]               [00]  .SYMDEF "_C" REG:0,BIT:0,3,LEN:1
000011r    1 [--]  xx           [00]  ds 1
------     1 [--]               [00]  .stabs "C:S16",40,0,0,_C
------     1 [--]               [00]  .align 1
------     1 [--]               [00]  _DC:
------     1 [--]               [00]  .SYMDEF "_DC" REG:0,BIT:1,3,LEN:1
000012r    1 [--]  xx           [00]  ds 1
------     1 [--]               [00]  .stabs "DC:S16",40,0,0,_DC
------     1 [--]               [00]  .align 1
------     1 [--]               [00]  _Z:
------     1 [--]               [00]  .SYMDEF "_Z" REG:0,BIT:2,3,LEN:1
000013r    1 [--]  xx           [00]  ds 1
------     1 [--]               [00]  .stabs "Z:S16",40,0,0,_Z
------     1 [--]               [00]  .align 1
------     1 [--]               [00]  _P:
------     1 [--]               [00]  .SYMDEF "_P" REG:0,BIT:3,3,LEN:1
000014r    1 [--]  xx           [00]  ds 1
------     1 [--]               [00]  .stabs "P:S16",40,0,0,_P
------     1 [--]               [00]  .align 1
------     1 [--]               [00]  _T:
------     1 [--]               [00]  .SYMDEF "_T" REG:0,BIT:4,3,LEN:1
000015r    1 [--]  xx           [00]  ds 1
------     1 [--]               [00]  .stabs "T:S16",40,0,0,_T
------     1 [--]               [00]  .align 1
------     1 [--]               [00]  _GP0:
------     1 [--]               [00]  .SYMDEF "_GP0" REG:0,BIT:5,3,LEN:1
000016r    1 [--]  xx           [00]  ds 1
------     1 [--]               [00]  .stabs "GP0:S16",40,0,0,_GP0
------     1 [--]               [00]  .align 1
------     1 [--]               [00]  _GP1:
------     1 [--]               [00]  .SYMDEF "_GP1" REG:0,BIT:6,3,LEN:1
000017r    1 [--]  xx           [00]  ds 1
------     1 [--]               [00]  .stabs "GP1:S16",40,0,0,_GP1
------     1 [--]               [00]  .align 1
------     1 [--]               [00]  _RST:
------     1 [--]               [00]  .SYMDEF "_RST" REG:0,BIT:7,3,LEN:1
000018r    1 [--]  xx           [00]  ds 1
------     1 [--]               [00]  .stabs "RST:S16",40,0,0,_RST
------     1 [--]               [00]  .align 1
------     1 [--]               [00]  _IMR:
------     1 [--]               [00]  .SYMDEF "_IMR" IO:0,15,LEN:1
000019r    1 [--]  xx           [00]  ds 1
------     1 [--]               [00]  .stabs "IMR:S14",40,0,0,_IMR
------     1 [--]               [00]  .align 1
------     1 [--]               [00]  _WDTCR:
------     1 [--]               [00]  .SYMDEF "_WDTCR" IO:0,14,LEN:1
00001Ar    1 [--]  xx           [00]  ds 1
------     1 [--]               [00]  .stabs "WDTCR:S14",40,0,0,_WDTCR
------     1 [--]               [00]  .align 1
------     1 [--]               [00]  _PHCR:
------     1 [--]               [00]  .SYMDEF "_PHCR" IO:0,13,LEN:1
00001Br    1 [--]  xx           [00]  ds 1
------     1 [--]               [00]  .stabs "PHCR:S14",40,0,0,_PHCR
------     1 [--]               [00]  .align 1
------     1 [--]               [00]  _ODCR:
------     1 [--]               [00]  .SYMDEF "_ODCR" IO:0,12,LEN:1
00001Cr    1 [--]  xx           [00]  ds 1
------     1 [--]               [00]  .stabs "ODCR:S14",40,0,0,_ODCR
------     1 [--]               [00]  .align 1
------     1 [--]               [00]  _PDCR:
------     1 [--]               [00]  .SYMDEF "_PDCR" IO:0,11,LEN:1
00001Dr    1 [--]  xx           [00]  ds 1
------     1 [--]               [00]  .stabs "PDCR:S14",40,0,0,_PDCR
------     1 [--]               [00]  .align 1
------     1 [--]               [00]  _P6CR:
------     1 [--]               [00]  .SYMDEF "_P6CR" IO:0,6,LEN:1
00001Er    1 [--]  xx           [00]  ds 1
------     1 [--]               [00]  .stabs "P6CR:S14",40,0,0,_P6CR
------     1 [--]               [00]  .align 1
------     1 [--]               [00]  _P5CR:
------     1 [--]               [00]  .SYMDEF "_P5CR" IO:0,5,LEN:1
00001Fr    1 [--]  xx           [00]  ds 1
------     1 [--]               [00]  .stabs "P5CR:S14",40,0,0,_P5CR
------     1 [--]               [00]  .align 1
------     1 [--]               [00]  _ISR:
------     1 [--]               [00]  .SYMDEF "_ISR" REG:0,15,LEN:1
000020r    1 [--]  xx           [00]  ds 1
------     1 [--]               [00]  .stabs "ISR:S14",40,0,0,_ISR
------     1 [--]               [00]  .align 1
------     1 [--]               [00]  _LVDCR:
------     1 [--]               [00]  .SYMDEF "_LVDCR" REG:0,14,LEN:1
000021r    1 [--]  xx           [00]  ds 1
------     1 [--]               [00]  .stabs "LVDCR:S14",40,0,0,_LVDCR
------     1 [--]               [00]  .align 1
------     1 [--]               [00]  _PORT6:
------     1 [--]               [00]  .SYMDEF "_PORT6" REG:0,6,LEN:1
000022r    1 [--]  xx           [00]  ds 1
------     1 [--]               [00]  .stabs "PORT6:S14",40,0,0,_PORT6
------     1 [--]               [00]  .align 1
------     1 [--]               [00]  _PORT5:
------     1 [--]               [00]  .SYMDEF "_PORT5" REG:0,5,LEN:1
000023r    1 [--]  xx           [00]  ds 1
------     1 [--]               [00]  .stabs "PORT5:S14",40,0,0,_PORT5
------     1 [--]               [00]  .align 1
------     1 [--]               [00]  _RSR:
------     1 [--]               [00]  .SYMDEF "_RSR" REG:0,4,LEN:1
000024r    1 [--]  xx           [00]  ds 1
------     1 [--]               [00]  .stabs "RSR:S14",40,0,0,_RSR
------     1 [--]               [00]  .align 1
------     1 [--]               [00]  _STATUS:
------     1 [--]               [00]  .SYMDEF "_STATUS" REG:0,3,LEN:1
000025r    1 [--]  xx           [00]  ds 1
------     1 [--]               [00]  .stabs "STATUS:S14",40,0,0,_STATUS
------     1 [--]               [00]  .align 1
------     1 [--]               [00]  _PC:
------     1 [--]               [00]  .SYMDEF "_PC" REG:0,2,LEN:1
000026r    1 [--]  xx           [00]  ds 1
------     1 [--]               [00]  .stabs "PC:S14",40,0,0,_PC
------     1 [--]               [00]  .align 1
------     1 [--]               [00]  _TCC:
------     1 [--]               [00]  .SYMDEF "_TCC" REG:0,1,LEN:1
000027r    1 [--]  xx           [00]  ds 1
------     1 [--]               [00]  .stabs "TCC:S14",40,0,0,_TCC
------     1 [--]               [00]  .align 1
------     1 [--]               [00]  _R0:
------     1 [--]               [00]  .SYMDEF "_R0" REG:0,0,LEN:1
000028r    1 [--]  xx           [00]  ds 1
------     1 [--]               [00]  .stabs "R0:S14",40,0,0,_R0
------     1 [--]               [00]  .section ".code"
------     1 [--]               [00]  end
------     1 [--]               [00]  

	** End of list file C:\Users\daminger\Desktop\练习\MD-01程序资料\MD-01程序173N-SOP8\TM1650.lst **