ias78II.exe v2.0.100.101b - The macro assembler for EM78 series.
Copyright (C) ELAN Microelectronic Corp. 2003-2008. All rights reserved.
Main file : main.s

File list:
   1 ----  C:\Users\daminger\Desktop\练习\MD-01程序资料\MD-01程序173N-SOP8\main.s
   2 ----  D:\Program Files\ELAN\eUIDE\Bin\Include\sysdefii.inc


The format of a listing line is:
  XXXXXXm FFFF [TT]  11 22 33 44  [DD]  Source code
Where:
  XXXXXX   is the PC
  m        is the mode ('r' or empty)
  FFFF     is the file name
  [TT]     is the CPU clock
  11 ..    are code or data bytes
  [DD]     depth of IFDEF and ENDIF (The depth or empty)


------     1 [--]               [00]  .autoimport
------     1 [--]               [00]  EM78P173N EQU 1
------     1 [--]               [00]  _SIMPLE_RSR_ EQU 1
------     1 [--]               [00]  .include "sysdefii.inc"
------     2 [--]               [00]  
------     1 [--]               [00]  ccounter equ pr1
------     1 [--]               [00]  .stabs "icc_compiled.",60,0,0,0
------     1 [--]               [00]  .stabs "C:\Users\daminger\Desktop\练习\MD-01程序资料\MD-01程序173N-SOP8\main.c",100,0,3,0
------     1 [--]               [00]  .stabs "int:t1=r1;-128;127;",128,0,0,0
------     1 [--]               [00]  .stabs "char:t2=r2;-128;127;",128,0,0,0
------     1 [--]               [00]  .stabs "double:t3=r1;3;0;",128,0,0,0
------     1 [--]               [00]  .stabs "float:t4=r1;3;0;",128,0,0,0
------     1 [--]               [00]  .stabs "long double:t5=r1;3;0;",128,0,0,0
------     1 [--]               [00]  .stabs "long:t6=r1;-2147483648;2147483647;",128,0,0,0
------     1 [--]               [00]  .stabs "long long:t7=r1;-2147483648;2147483647;",128,0,0,0
------     1 [--]               [00]  .stabs "short:t8=r1;-32768;32767;",128,0,0,0
------     1 [--]               [00]  .stabs "signed char:t9=r1;-128;127;",128,0,0,0
------     1 [--]               [00]  .stabs "unsigned char:t10=r1;0;255;",128,0,0,0
------     1 [--]               [00]  .stabs "unsigned long:t11=r1;0;4294967295;",128,0,0,0
------     1 [--]               [00]  .stabs "unsigned long long:t12=r1;0;4294967295;",128,0,0,0
------     1 [--]               [00]  .stabs "unsigned short:t13=r1;0;65535;",128,0,0,0
------     1 [--]               [00]  .stabs "unsigned int:t14=r1;0;255;",128,0,0,0
------     1 [--]               [00]  .stabs "void:t15=15",128,0,0,0
------     1 [--]               [00]  .stabs "bit:t16=r16;0;1;",128,0,0,0
------     1 [--]               [00]  .section ".data"
------     1 [--]               [00]  public _Timer_interrupt_flag
------     1 [--]               [00]  .align 1
------     1 [--]               [00]  _Timer_interrupt_flag:
------     1 [--]               [00]  .SYMDEF "_Timer_interrupt_flag" BIT,LEN:1
000000r    1 [--]  00 00        [00]  db 0
------     1 [--]               [00]  .stabs "Timer_interrupt_flag:G16",32,0,0,_Timer_interrupt_flag@0
------     1 [--]               [00]  public _main
------     1 [--]               [00]  public main_bp
------     1 [--]               [00]  .section ".code"
------     1 [--]               [00]  .stabs "main:F15",36,0,0,_main
------     1 [--]               [00]  .section ".S0",C_CODE
------     1 [--]               [00]  .SYMDEF ".S0" 
------     1 [--]               [00]  _main:
------     1 [--]               [00]  .SYMDEF "_main" 
------     1 [--]               [00]  .stabn 192,0,0,L9
------     1 [--]               [00]  L9:
------     1 [--]               [00]  .stabn 68,0,11,L11
------     1 [--]               [00]  L11:
------     1 [--]               [00]  .stabn 68,0,12,L12
------     1 [--]               [00]  L12:
000000r    1 [01]  00 10 r      [00]  call _init
000001r    1 [01]  00 14 r      [00]  jmp @L$3
------     1 [--]               [00]  L$2:
------     1 [--]               [00]  .stabn 192,0,1,L13
------     1 [--]               [00]  L13:
------     1 [--]               [00]  .stabn 68,0,14,L14
------     1 [--]               [00]  L14:
------     1 [--]               [00]  .stabn 68,0,15,L15
------     1 [--]               [00]  L15:
000002r    1 [01]  00 0E r      [00]  jbs _Timer_interrupt_flag,BIT
000003r    1 [01]  00 14 r      [00]  EXTJMP @L$5
------     1 [--]               [00]  .stabn 192,0,2,L16
------     1 [--]               [00]  L16:
------     1 [--]               [00]  .stabn 68,0,16,L17
------     1 [--]               [00]  L17:
------     1 [--]               [00]  .stabn 68,0,17,L18
------     1 [--]               [00]  L18:
000004r    1 [01]  00 10 r      [00]  call _Temperature_collection
------     1 [--]               [00]  .stabn 68,0,18,L19
------     1 [--]               [00]  L19:
000005r    1 [01]  00 0E r      [00]  jbs _Display_AIP1620_flag,BIT
000006r    1 [01]  00 14 r      [00]  EXTJMP @L$7
------     1 [--]               [00]  .stabn 192,0,3,L20
------     1 [--]               [00]  L20:
------     1 [--]               [00]  .stabn 68,0,19,L21
------     1 [--]               [00]  L21:
------     1 [--]               [00]  .stabn 68,0,20,L22
------     1 [--]               [00]  L22:
000007r    1 [01]  00 10 r      [00]  call _TM1650_display
------     1 [--]               [00]  .stabn 68,0,21,L23
------     1 [--]               [00]  L23:
000008r    1 [01]  00 08 r      [00]  bc _Display_AIP1620_flag,BIT
------     1 [--]               [00]  .stabn 68,0,22,L24
------     1 [--]               [00]  L24:
------     1 [--]               [00]  .stabn 224,0,3,L25
------     1 [--]               [00]  L25:
------     1 [--]               [00]  L$7:
------     1 [--]               [00]  .stabn 68,0,23,L26
------     1 [--]               [00]  L26:
000009r    1 [01]  00 08 r      [00]  bc _Timer_interrupt_flag,BIT
------     1 [--]               [00]  .stabn 68,0,24,L27
------     1 [--]               [00]  L27:
------     1 [--]               [00]  .stabn 224,0,2,L28
------     1 [--]               [00]  L28:
------     1 [--]               [00]  L$5:
------     1 [--]               [00]  .stabn 68,0,25,L29
------     1 [--]               [00]  L29:
------     1 [--]               [00]  .stabn 224,0,1,L30
------     1 [--]               [00]  L30:
------     1 [--]               [00]  L$3:
------     1 [--]               [00]  .stabn 68,0,13,L31
------     1 [--]               [00]  L31:
00000Ar    1 [01]  00 14 r      [00]  jmp @L$2
------     1 [--]               [00]  .stabn 68,0,26,L32
------     1 [--]               [00]  L32:
------     1 [--]               [00]  .stabn 224,0,0,L33
------     1 [--]               [00]  L33:
------     1 [--]               [00]  L$1:
00000Br    1 [01]  12 00        [00]  ret
------     1 [--]               [00]  .STACK main_bp,local,0
------     1 [--]               [00]  public _init
------     1 [--]               [00]  public init_bp
------     1 [--]               [00]  .stabs "init:F15",36,0,0,_init
------     1 [--]               [00]  .section ".S1",C_CODE
------     1 [--]               [00]  .SYMDEF ".S1" 
------     1 [--]               [00]  _init:
------     1 [--]               [00]  .SYMDEF "_init" 
000000r    1 [01]  00 04 r      [00]  mov a,ecx
000001r    1 [01]  7C 00 r      [00]  mov init_bp-4,a
000002r    1 [01]  01 04 r      [00]  mov a,ecx+1
000003r    1 [01]  7D 00 r      [00]  mov init_bp-3,a
000004r    1 [01]  02 04 r      [00]  mov a,ecx+2
000005r    1 [01]  7E 00 r      [00]  mov init_bp-2,a
000006r    1 [01]  03 04 r      [00]  mov a,ecx+3
000007r    1 [01]  7F 00 r      [00]  mov init_bp-1,a
------     1 [--]               [00]  .stabn 192,0,0,L35
------     1 [--]               [00]  L35:
------     1 [--]               [00]  .stabn 68,0,29,L36
------     1 [--]               [00]  L36:
------     1 [--]               [00]  .stabn 68,0,30,L37
------     1 [--]               [00]  L37:
------     1 [--]               [00]  .cfile "C:\Users\daminger\Desktop\练习\MD-01程序资料\MD-01程序173N-SOP8\main.c(30):"
000008r    1 [01]  11 00        [00]  DISI
------     1 [--]               [00]  .stabn 68,0,30,L38
------     1 [--]               [00]  L38:
------     1 [--]               [00]  .stabn 68,0,31,L39
------     1 [--]               [00]  L39:
------     1 [--]               [00]  .cfile "C:\Users\daminger\Desktop\练习\MD-01程序资料\MD-01程序173N-SOP8\main.c(31):"
000009r    1 [01]  04 00        [00]  WDTC
------     1 [--]               [00]  .stabn 68,0,31,L40
------     1 [--]               [00]  L40:
------     1 [--]               [00]  .stabn 68,0,34,L41
------     1 [--]               [00]  L41:
------     1 [--]               [00]  .cfile "C:\Users\daminger\Desktop\练习\MD-01程序资料\MD-01程序173N-SOP8\main.c(34):"
00000Ar    1 [01]  06 18        [00]  mov a,@0x06
------     1 [--]               [00]  .stabn 68,0,35,L42
------     1 [--]               [00]  L42:
------     1 [--]               [00]  .cfile "C:\Users\daminger\Desktop\练习\MD-01程序资料\MD-01程序173N-SOP8\main.c(35):"
00000Br    1 [01]  02 00        [00]  contw
------     1 [--]               [00]  .stabn 68,0,38,L43
------     1 [--]               [00]  L43:
00000Cr    1 [01]  00 18        [00]  mov a,@0
00000Dr    1 [01]  00 00 r      [00]  STA _WDTCR,0,2
------     1 [--]               [00]  .stabn 68,0,40,L44
------     1 [--]               [00]  L44:
00000Er    1 [01]  00 18        [00]  mov a,@0
00000Fr    1 [01]  00 00 r      [00]  STA _P6CR,0,2
------     1 [--]               [00]  .stabn 68,0,41,L45
------     1 [--]               [00]  L45:
000010r    1 [01]  FF 18        [00]  mov a,@255
000011r    1 [01]  00 00 r      [00]  STA _PHCR,0,2
------     1 [--]               [00]  .stabn 68,0,42,L46
------     1 [--]               [00]  L46:
000012r    1 [01]  FF 18        [00]  mov a,@255
000013r    1 [01]  00 00 r      [00]  STA _PDCR,0,2
------     1 [--]               [00]  .stabn 68,0,43,L47
------     1 [--]               [00]  L47:
000014r    1 [01]  00 18        [00]  mov a,@0
000015r    1 [01]  00 00 r      [00]  STA _ODCR,0,2
------     1 [--]               [00]  .stabn 68,0,45,L48
------     1 [--]               [00]  L48:
000016r    1 [01]  00 10 r      [00]  call _clrram
------     1 [--]               [00]  .stabn 68,0,46,L49
------     1 [--]               [00]  L49:
000017r    1 [01]  C0 00 r      [00]  clr _ISR
------     1 [--]               [00]  .stabn 68,0,47,L50
------     1 [--]               [00]  L50:
000018r    1 [01]  01 18        [00]  mov a,@1
000019r    1 [01]  00 00 r      [00]  STA _IMR,0,2
------     1 [--]               [00]  .stabn 68,0,48,L51
------     1 [--]               [00]  L51:
00001Ar    1 [01]  06 18        [00]  mov a,@6
00001Br    1 [01]  40 00 r      [00]  STA _TCC,0,0
------     1 [--]               [00]  .stabn 68,0,49,L52
------     1 [--]               [00]  L52:
------     1 [--]               [00]  .cfile "C:\Users\daminger\Desktop\练习\MD-01程序资料\MD-01程序173N-SOP8\main.c(49):"
00001Cr    1 [01]  10 00        [00]  ENI
------     1 [--]               [00]  .stabn 68,0,49,L53
------     1 [--]               [00]  L53:
------     1 [--]               [00]  .stabn 68,0,50,L54
------     1 [--]               [00]  L54:
------     1 [--]               [00]  .stabn 224,0,0,L55
------     1 [--]               [00]  L55:
------     1 [--]               [00]  L$34:
00001Dr    1 [01]  3C 04 r      [00]  mov a,init_bp-4
00001Er    1 [01]  40 00 r      [00]  mov ecx,a
00001Fr    1 [01]  3D 04 r      [00]  mov a,init_bp-3
000020r    1 [01]  41 00 r      [00]  mov ecx+1,a
000021r    1 [01]  3E 04 r      [00]  mov a,init_bp-2
000022r    1 [01]  42 00 r      [00]  mov ecx+2,a
000023r    1 [01]  3F 04 r      [00]  mov a,init_bp-1
000024r    1 [01]  43 00 r      [00]  mov ecx+3,a
000025r    1 [01]  12 00        [00]  ret
------     1 [--]               [00]  .STACK init_bp,local,4
------     1 [--]               [00]  public _clrram
------     1 [--]               [00]  public clrram_bp
------     1 [--]               [00]  .stabs "clrram:F15",36,0,0,_clrram
------     1 [--]               [00]  .section ".S2",C_CODE
------     1 [--]               [00]  .SYMDEF ".S2" 
------     1 [--]               [00]  _clrram:
------     1 [--]               [00]  .SYMDEF "_clrram" 
000000r    1 [01]  00 04 r      [00]  mov a,ecx
000001r    1 [01]  7C 00 r      [00]  mov clrram_bp-4,a
000002r    1 [01]  01 04 r      [00]  mov a,ecx+1
000003r    1 [01]  7D 00 r      [00]  mov clrram_bp-3,a
000004r    1 [01]  02 04 r      [00]  mov a,ecx+2
000005r    1 [01]  7E 00 r      [00]  mov clrram_bp-2,a
000006r    1 [01]  03 04 r      [00]  mov a,ecx+3
000007r    1 [01]  7F 00 r      [00]  mov clrram_bp-1,a
------     1 [--]               [00]  .stabn 192,0,0,L57
------     1 [--]               [00]  L57:
------     1 [--]               [00]  .stabn 68,0,52,L58
------     1 [--]               [00]  L58:
------     1 [--]               [00]  .stabn 68,0,55,L59
------     1 [--]               [00]  L59:
------     1 [--]               [00]  .cfile "C:\Users\daminger\Desktop\练习\MD-01程序资料\MD-01程序173N-SOP8\main.c(55):"
000008r    1 [01]  11 18        [00]  MOV A,@0X11
------     1 [--]               [00]  .stabn 68,0,56,L60
------     1 [--]               [00]  L60:
------     1 [--]               [00]  .cfile "C:\Users\daminger\Desktop\练习\MD-01程序资料\MD-01程序173N-SOP8\main.c(56):"
000009r    1 [01]  50 00        [00]  MOV	0X10,A
------     1 [--]               [00]  .stabn 68,0,57,L61
------     1 [--]               [00]  L61:
------     1 [--]               [00]  .cfile "C:\Users\daminger\Desktop\练习\MD-01程序资料\MD-01程序173N-SOP8\main.c(57):"
------     1 [--]               [00]  clrloop:
------     1 [--]               [00]  .stabn 68,0,58,L62
------     1 [--]               [00]  L62:
------     1 [--]               [00]  .cfile "C:\Users\daminger\Desktop\练习\MD-01程序资料\MD-01程序173N-SOP8\main.c(58):"
00000Ar    1 [01]  10 04        [00]  MOV	A,0X10
------     1 [--]               [00]  .stabn 68,0,59,L63
------     1 [--]               [00]  L63:
------     1 [--]               [00]  .cfile "C:\Users\daminger\Desktop\练习\MD-01程序资料\MD-01程序173N-SOP8\main.c(59):"
00000Br    1 [01]  44 00        [00]  MOV 0X04,A
------     1 [--]               [00]  .stabn 68,0,60,L64
------     1 [--]               [00]  L64:
------     1 [--]               [00]  .cfile "C:\Users\daminger\Desktop\练习\MD-01程序资料\MD-01程序173N-SOP8\main.c(60):"
00000Cr    1 [01]  C0 00        [00]  CLR 0x00
------     1 [--]               [00]  .stabn 68,0,61,L65
------     1 [--]               [00]  L65:
------     1 [--]               [00]  .cfile "C:\Users\daminger\Desktop\练习\MD-01程序资料\MD-01程序173N-SOP8\main.c(61):"
00000Dr    1 [01]  50 05        [00]  INC 0X10
------     1 [--]               [00]  .stabn 68,0,62,L66
------     1 [--]               [00]  L66:
------     1 [--]               [00]  .cfile "C:\Users\daminger\Desktop\练习\MD-01程序资料\MD-01程序173N-SOP8\main.c(62):"
00000Er    1 [01]  90 0F        [00]  JBS 0X10,6
------     1 [--]               [00]  .stabn 68,0,63,L67
------     1 [--]               [00]  L67:
------     1 [--]               [00]  .cfile "C:\Users\daminger\Desktop\练习\MD-01程序资料\MD-01程序173N-SOP8\main.c(63):"
00000Fr    1 [01]  00 14 r      [00]  JMP clrloop
------     1 [--]               [00]  .stabn 68,0,64,L68
------     1 [--]               [00]  L68:
------     1 [--]               [00]  .cfile "C:\Users\daminger\Desktop\练习\MD-01程序资料\MD-01程序173N-SOP8\main.c(64):"
000010r    1 [01]  C4 00        [00]  CLR 0X04
------     1 [--]               [00]  .stabn 68,0,65,L69
------     1 [--]               [00]  L69:
------     1 [--]               [00]  .cfile "C:\Users\daminger\Desktop\练习\MD-01程序资料\MD-01程序173N-SOP8\main.c(65):"
000011r    1 [01]  D0 00        [00]  CLR	0X10
------     1 [--]               [00]  .stabn 68,0,67,L70
------     1 [--]               [00]  L70:
------     1 [--]               [00]  .stabn 224,0,0,L71
------     1 [--]               [00]  L71:
------     1 [--]               [00]  L$56:
000012r    1 [01]  3C 04 r      [00]  mov a,clrram_bp-4
000013r    1 [01]  40 00 r      [00]  mov ecx,a
000014r    1 [01]  3D 04 r      [00]  mov a,clrram_bp-3
000015r    1 [01]  41 00 r      [00]  mov ecx+1,a
000016r    1 [01]  3E 04 r      [00]  mov a,clrram_bp-2
000017r    1 [01]  42 00 r      [00]  mov ecx+2,a
000018r    1 [01]  3F 04 r      [00]  mov a,clrram_bp-1
000019r    1 [01]  43 00 r      [00]  mov ecx+3,a
00001Ar    1 [01]  12 00        [00]  ret
------     1 [--]               [00]  .STACK clrram_bp,local,4
------     1 [--]               [00]  public _interrupt
------     1 [--]               [00]  public interrupt_bp
------     1 [--]               [00]  .stabs "interrupt:F15",36,0,0,_interrupt
------     1 [--]               [00]  .section ".S3",C_CODE
------     1 [--]               [00]  .SYMDEF ".S3" INT:-1
------     1 [--]               [00]  _interrupt:
------     1 [--]               [00]  .SYMDEF "_interrupt" INT:-1
------     1 [--]               [00]  .stabn 192,0,0,L75
------     1 [--]               [00]  L75:
------     1 [--]               [00]  .stabn 68,0,70,L76
------     1 [--]               [00]  L76:
------     1 [--]               [00]  .stabn 68,0,71,L77
------     1 [--]               [00]  L77:
000000r    1 [01]  00 0E r      [00]  jbs _TCIF,0
000001r    1 [01]  00 14 r      [00]  EXTJMP @L$73
------     1 [--]               [00]  .stabn 192,0,1,L78
------     1 [--]               [00]  L78:
------     1 [--]               [00]  .stabn 68,0,72,L79
------     1 [--]               [00]  L79:
------     1 [--]               [00]  .stabn 68,0,73,L80
------     1 [--]               [00]  L80:
000002r    1 [01]  00 08 r      [00]  bc _TCIF,0
------     1 [--]               [00]  .stabn 68,0,74,L81
------     1 [--]               [00]  L81:
000003r    1 [01]  06 18        [00]  mov a,@6
000004r    1 [01]  40 00 r      [00]  STA _TCC,0,0
------     1 [--]               [00]  .stabn 68,0,75,L82
------     1 [--]               [00]  L82:
000005r    1 [01]  00 0A r      [00]  bs _Timer_interrupt_flag,BIT
------     1 [--]               [00]  .stabn 68,0,76,L83
------     1 [--]               [00]  L83:
------     1 [--]               [00]  .stabn 224,0,1,L84
------     1 [--]               [00]  L84:
------     1 [--]               [00]  L$73:
------     1 [--]               [00]  .stabn 68,0,79,L85
------     1 [--]               [00]  L85:
------     1 [--]               [00]  .cfile "C:\Users\daminger\Desktop\练习\MD-01程序资料\MD-01程序173N-SOP8\main.c(79):"
000006r    1 [01]  13 00        [00]  reti
------     1 [--]               [00]  .stabn 68,0,82,L86
------     1 [--]               [00]  L86:
------     1 [--]               [00]  .stabn 224,0,0,L87
------     1 [--]               [00]  L87:
------     1 [--]               [00]  L$72:
000007r    1 [01]  13 00        [00]  reti
------     1 [--]               [00]  .STACK interrupt_bp,local,0
------     1 [--]               [00]  public _interrupt_l
------     1 [--]               [00]  public interrupt_l_bp
------     1 [--]               [00]  .stabs "interrupt_l:F15",36,0,0,_interrupt_l
------     1 [--]               [00]  .section ".S4",C_CODE
------     1 [--]               [00]  .SYMDEF ".S4" LOWINT:0,8
------     1 [--]               [00]  _interrupt_l:
------     1 [--]               [00]  .SYMDEF "_interrupt_l" LOWINT:0,8
------     1 [--]               [00]  .stabn 192,0,0,L89
------     1 [--]               [00]  L89:
------     1 [--]               [00]  .stabn 68,0,85,L90
------     1 [--]               [00]  L90:
------     1 [--]               [00]  .stabn 68,0,88,L91
------     1 [--]               [00]  L91:
------     1 [--]               [00]  .cfile "C:\Users\daminger\Desktop\练习\MD-01程序资料\MD-01程序173N-SOP8\main.c(88):"
000008r    1 [01]  5F 00        [00]  mov 0x1F , a
------     1 [--]               [00]  .stabn 68,0,90,L92
------     1 [--]               [00]  L92:
------     1 [--]               [00]  .stabn 224,0,0,L93
------     1 [--]               [00]  L93:
------     1 [--]               [00]  L$88:
000009r    1 [01]  13 00        [00]  reti
------     1 [--]               [00]  .STACK interrupt_l_bp,local,0
------     1 [--]               [00]  extrn _Temperature_collection
------     1 [--]               [00]  .section ".code"
------     1 [--]               [00]  extrn _Display_AIP1620_flag
------     1 [--]               [00]  .section ".code"
------     1 [--]               [00]  extrn _TM1650_display
------     1 [--]               [00]  .section ".code"
------     1 [--]               [00]  .section ".bss"
------     1 [--]               [00]  .align 1
------     1 [--]               [00]  _TCIF:
------     1 [--]               [00]  .SYMDEF "_TCIF" REG:0,BIT:0,15,LEN:1
000000r    1 [--]  xx           [00]  ds 1
------     1 [--]               [00]  .stabs "TCIF:S16",40,0,0,_TCIF
------     1 [--]               [00]  .align 1
------     1 [--]               [00]  _EXIF:
------     1 [--]               [00]  .SYMDEF "_EXIF" REG:0,BIT:2,15,LEN:1
000001r    1 [--]  xx           [00]  ds 1
------     1 [--]               [00]  .stabs "EXIF:S16",40,0,0,_EXIF
------     1 [--]               [00]  .align 1
------     1 [--]               [00]  _LVDWE:
------     1 [--]               [00]  .SYMDEF "_LVDWE" REG:0,BIT:0,14,LEN:1
000002r    1 [--]  xx           [00]  ds 1
------     1 [--]               [00]  .stabs "LVDWE:S16",40,0,0,_LVDWE
------     1 [--]               [00]  .align 1
------     1 [--]               [00]  _LVDIF:
------     1 [--]               [00]  .SYMDEF "_LVDIF" REG:0,BIT:0,14,LEN:1
000003r    1 [--]  xx           [00]  ds 1
------     1 [--]               [00]  .stabs "LVDIF:S16",40,0,0,_LVDIF
------     1 [--]               [00]  .align 1
------     1 [--]               [00]  __LVD:
------     1 [--]               [00]  .SYMDEF "__LVD" REG:0,BIT:0,14,LEN:1
000004r    1 [--]  xx           [00]  ds 1
------     1 [--]               [00]  .stabs "_LVD:S16",40,0,0,__LVD
------     1 [--]               [00]  .align 1
------     1 [--]               [00]  _P60:
------     1 [--]               [00]  .SYMDEF "_P60" REG:0,BIT:0,6,LEN:1
000005r    1 [--]  xx           [00]  ds 1
------     1 [--]               [00]  .stabs "P60:S16",40,0,0,_P60
------     1 [--]               [00]  .align 1
------     1 [--]               [00]  _P61:
------     1 [--]               [00]  .SYMDEF "_P61" REG:0,BIT:1,6,LEN:1
000006r    1 [--]  xx           [00]  ds 1
------     1 [--]               [00]  .stabs "P61:S16",40,0,0,_P61
------     1 [--]               [00]  .align 1
------     1 [--]               [00]  _P62:
------     1 [--]               [00]  .SYMDEF "_P62" REG:0,BIT:2,6,LEN:1
000007r    1 [--]  xx           [00]  ds 1
------     1 [--]               [00]  .stabs "P62:S16",40,0,0,_P62
------     1 [--]               [00]  .align 1
------     1 [--]               [00]  _P63:
------     1 [--]               [00]  .SYMDEF "_P63" REG:0,BIT:3,6,LEN:1
000008r    1 [--]  xx           [00]  ds 1
------     1 [--]               [00]  .stabs "P63:S16",40,0,0,_P63
------     1 [--]               [00]  .align 1
------     1 [--]               [00]  _P64:
------     1 [--]               [00]  .SYMDEF "_P64" REG:0,BIT:4,6,LEN:1
000009r    1 [--]  xx           [00]  ds 1
------     1 [--]               [00]  .stabs "P64:S16",40,0,0,_P64
------     1 [--]               [00]  .align 1
------     1 [--]               [00]  _P65:
------     1 [--]               [00]  .SYMDEF "_P65" REG:0,BIT:5,6,LEN:1
00000Ar    1 [--]  xx           [00]  ds 1
------     1 [--]               [00]  .stabs "P65:S16",40,0,0,_P65
------     1 [--]               [00]  .align 1
------     1 [--]               [00]  _P66:
------     1 [--]               [00]  .SYMDEF "_P66" REG:0,BIT:6,6,LEN:1
00000Br    1 [--]  xx           [00]  ds 1
------     1 [--]               [00]  .stabs "P66:S16",40,0,0,_P66
------     1 [--]               [00]  .align 1
------     1 [--]               [00]  _P67:
------     1 [--]               [00]  .SYMDEF "_P67" REG:0,BIT:7,6,LEN:1
00000Cr    1 [--]  xx           [00]  ds 1
------     1 [--]               [00]  .stabs "P67:S16",40,0,0,_P67
------     1 [--]               [00]  .align 1
------     1 [--]               [00]  _P50:
------     1 [--]               [00]  .SYMDEF "_P50" REG:0,BIT:0,5,LEN:1
00000Dr    1 [--]  xx           [00]  ds 1
------     1 [--]               [00]  .stabs "P50:S16",40,0,0,_P50
------     1 [--]               [00]  .align 1
------     1 [--]               [00]  _P51:
------     1 [--]               [00]  .SYMDEF "_P51" REG:0,BIT:1,5,LEN:1
00000Er    1 [--]  xx           [00]  ds 1
------     1 [--]               [00]  .stabs "P51:S16",40,0,0,_P51
------     1 [--]               [00]  .align 1
------     1 [--]               [00]  _P52:
------     1 [--]               [00]  .SYMDEF "_P52" REG:0,BIT:2,5,LEN:1
00000Fr    1 [--]  xx           [00]  ds 1
------     1 [--]               [00]  .stabs "P52:S16",40,0,0,_P52
------     1 [--]               [00]  .align 1
------     1 [--]               [00]  _P53:
------     1 [--]               [00]  .SYMDEF "_P53" REG:0,BIT:3,5,LEN:1
000010r    1 [--]  xx           [00]  ds 1
------     1 [--]               [00]  .stabs "P53:S16",40,0,0,_P53
------     1 [--]               [00]  .align 1
------     1 [--]               [00]  _C:
------     1 [--]               [00]  .SYMDEF "_C" REG:0,BIT:0,3,LEN:1
000011r    1 [--]  xx           [00]  ds 1
------     1 [--]               [00]  .stabs "C:S16",40,0,0,_C
------     1 [--]               [00]  .align 1
------     1 [--]               [00]  _DC:
------     1 [--]               [00]  .SYMDEF "_DC" REG:0,BIT:1,3,LEN:1
000012r    1 [--]  xx           [00]  ds 1
------     1 [--]               [00]  .stabs "DC:S16",40,0,0,_DC
------     1 [--]               [00]  .align 1
------     1 [--]               [00]  _Z:
------     1 [--]               [00]  .SYMDEF "_Z" REG:0,BIT:2,3,LEN:1
000013r    1 [--]  xx           [00]  ds 1
------     1 [--]               [00]  .stabs "Z:S16",40,0,0,_Z
------     1 [--]               [00]  .align 1
------     1 [--]               [00]  _P:
------     1 [--]               [00]  .SYMDEF "_P" REG:0,BIT:3,3,LEN:1
000014r    1 [--]  xx           [00]  ds 1
------     1 [--]               [00]  .stabs "P:S16",40,0,0,_P
------     1 [--]               [00]  .align 1
------     1 [--]               [00]  _T:
------     1 [--]               [00]  .SYMDEF "_T" REG:0,BIT:4,3,LEN:1
000015r    1 [--]  xx           [00]  ds 1
------     1 [--]               [00]  .stabs "T:S16",40,0,0,_T
------     1 [--]               [00]  .align 1
------     1 [--]               [00]  _GP0:
------     1 [--]               [00]  .SYMDEF "_GP0" REG:0,BIT:5,3,LEN:1
000016r    1 [--]  xx           [00]  ds 1
------     1 [--]               [00]  .stabs "GP0:S16",40,0,0,_GP0
------     1 [--]               [00]  .align 1
------     1 [--]               [00]  _GP1:
------     1 [--]               [00]  .SYMDEF "_GP1" REG:0,BIT:6,3,LEN:1
000017r    1 [--]  xx           [00]  ds 1
------     1 [--]               [00]  .stabs "GP1:S16",40,0,0,_GP1
------     1 [--]               [00]  .align 1
------     1 [--]               [00]  _RST:
------     1 [--]               [00]  .SYMDEF "_RST" REG:0,BIT:7,3,LEN:1
000018r    1 [--]  xx           [00]  ds 1
------     1 [--]               [00]  .stabs "RST:S16",40,0,0,_RST
------     1 [--]               [00]  .align 1
------     1 [--]               [00]  _IMR:
------     1 [--]               [00]  .SYMDEF "_IMR" IO:0,15,LEN:1
000019r    1 [--]  xx           [00]  ds 1
------     1 [--]               [00]  .stabs "IMR:S14",40,0,0,_IMR
------     1 [--]               [00]  .align 1
------     1 [--]               [00]  _WDTCR:
------     1 [--]               [00]  .SYMDEF "_WDTCR" IO:0,14,LEN:1
00001Ar    1 [--]  xx           [00]  ds 1
------     1 [--]               [00]  .stabs "WDTCR:S14",40,0,0,_WDTCR
------     1 [--]               [00]  .align 1
------     1 [--]               [00]  _PHCR:
------     1 [--]               [00]  .SYMDEF "_PHCR" IO:0,13,LEN:1
00001Br    1 [--]  xx           [00]  ds 1
------     1 [--]               [00]  .stabs "PHCR:S14",40,0,0,_PHCR
------     1 [--]               [00]  .align 1
------     1 [--]               [00]  _ODCR:
------     1 [--]               [00]  .SYMDEF "_ODCR" IO:0,12,LEN:1
00001Cr    1 [--]  xx           [00]  ds 1
------     1 [--]               [00]  .stabs "ODCR:S14",40,0,0,_ODCR
------     1 [--]               [00]  .align 1
------     1 [--]               [00]  _PDCR:
------     1 [--]               [00]  .SYMDEF "_PDCR" IO:0,11,LEN:1
00001Dr    1 [--]  xx           [00]  ds 1
------     1 [--]               [00]  .stabs "PDCR:S14",40,0,0,_PDCR
------     1 [--]               [00]  .align 1
------     1 [--]               [00]  _P6CR:
------     1 [--]               [00]  .SYMDEF "_P6CR" IO:0,6,LEN:1
00001Er    1 [--]  xx           [00]  ds 1
------     1 [--]               [00]  .stabs "P6CR:S14",40,0,0,_P6CR
------     1 [--]               [00]  .align 1
------     1 [--]               [00]  _P5CR:
------     1 [--]               [00]  .SYMDEF "_P5CR" IO:0,5,LEN:1
00001Fr    1 [--]  xx           [00]  ds 1
------     1 [--]               [00]  .stabs "P5CR:S14",40,0,0,_P5CR
------     1 [--]               [00]  .align 1
------     1 [--]               [00]  _ISR:
------     1 [--]               [00]  .SYMDEF "_ISR" REG:0,15,LEN:1
000020r    1 [--]  xx           [00]  ds 1
------     1 [--]               [00]  .stabs "ISR:S14",40,0,0,_ISR
------     1 [--]               [00]  .align 1
------     1 [--]               [00]  _LVDCR:
------     1 [--]               [00]  .SYMDEF "_LVDCR" REG:0,14,LEN:1
000021r    1 [--]  xx           [00]  ds 1
------     1 [--]               [00]  .stabs "LVDCR:S14",40,0,0,_LVDCR
------     1 [--]               [00]  .align 1
------     1 [--]               [00]  _PORT6:
------     1 [--]               [00]  .SYMDEF "_PORT6" REG:0,6,LEN:1
000022r    1 [--]  xx           [00]  ds 1
------     1 [--]               [00]  .stabs "PORT6:S14",40,0,0,_PORT6
------     1 [--]               [00]  .align 1
------     1 [--]               [00]  _PORT5:
------     1 [--]               [00]  .SYMDEF "_PORT5" REG:0,5,LEN:1
000023r    1 [--]  xx           [00]  ds 1
------     1 [--]               [00]  .stabs "PORT5:S14",40,0,0,_PORT5
------     1 [--]               [00]  .align 1
------     1 [--]               [00]  _RSR:
------     1 [--]               [00]  .SYMDEF "_RSR" REG:0,4,LEN:1
000024r    1 [--]  xx           [00]  ds 1
------     1 [--]               [00]  .stabs "RSR:S14",40,0,0,_RSR
------     1 [--]               [00]  .align 1
------     1 [--]               [00]  _STATUS:
------     1 [--]               [00]  .SYMDEF "_STATUS" REG:0,3,LEN:1
000025r    1 [--]  xx           [00]  ds 1
------     1 [--]               [00]  .stabs "STATUS:S14",40,0,0,_STATUS
------     1 [--]               [00]  .align 1
------     1 [--]               [00]  _PC:
------     1 [--]               [00]  .SYMDEF "_PC" REG:0,2,LEN:1
000026r    1 [--]  xx           [00]  ds 1
------     1 [--]               [00]  .stabs "PC:S14",40,0,0,_PC
------     1 [--]               [00]  .align 1
------     1 [--]               [00]  _TCC:
------     1 [--]               [00]  .SYMDEF "_TCC" REG:0,1,LEN:1
000027r    1 [--]  xx           [00]  ds 1
------     1 [--]               [00]  .stabs "TCC:S14",40,0,0,_TCC
------     1 [--]               [00]  .align 1
------     1 [--]               [00]  _R0:
------     1 [--]               [00]  .SYMDEF "_R0" REG:0,0,LEN:1
000028r    1 [--]  xx           [00]  ds 1
------     1 [--]               [00]  .stabs "R0:S14",40,0,0,_R0
------     1 [--]               [00]  .section ".code"
------     1 [--]               [00]  end
------     1 [--]               [00]  

	** End of list file C:\Users\daminger\Desktop\练习\MD-01程序资料\MD-01程序173N-SOP8\main.lst **